Arguments: 
  C:\Program Files\nodejs\node.exe C:\Program Files (x86)\Yarn\bin\yarn.js init

PATH: 
  C:\Users\Darryl D-R\bin;C:\Program Files\Git\mingw64\bin;C:\Program Files\Git\usr\local\bin;C:\Program Files\Git\usr\bin;C:\Program Files\Git\usr\bin;C:\Program Files\Git\mingw64\bin;C:\Program Files\Git\usr\bin;C:\Users\Darryl D-R\bin;C:\Program Files\Python36\Scripts;C:\Program Files\Python36;C:\Program Files (x86)\Common Files\Intel\Shared Libraries\redist\intel64\compiler;C:\Program Files (x86)\Intel\iCLS Client;C:\Program Files\Intel\iCLS Client;C:\Windows\system32;C:\Windows;C:\Windows\System32\Wbem;C:\Windows\System32\WindowsPowerShell\v1.0;C:\Program Files (x86)\Intel\Intel(R) Management Engine Components\DAL;C:\Program Files\Intel\Intel(R) Management Engine Components\DAL;C:\Program Files (x86)\Intel\Intel(R) Management Engine Components\IPT;C:\Program Files\Intel\Intel(R) Management Engine Components\IPT;C:\WINDOWS\system32;C:\WINDOWS;C:\WINDOWS\System32\Wbem;C:\WINDOWS\System32\WindowsPowerShell\v1.0;C:\Program Files (x86)\GtkSharp\2.12\bin;C:\Program Files\Git\cmd;C:\Program Files\Intel\WiFi\bin;C:\Program Files\Common Files\Intel\WirelessCommon;C:\Program Files\nodejs;C:\Program Files\TortoiseSVN\bin;C:\Program Files\Microsoft SQL Server\130\Tools\Binn;C:\Program Files\dotnet;C:\Program Files\PuTTY;C:\Program Files (x86)\Yarn\bin;C:\php;C:\ProgramData\ComposerSetup\bin;C:\HashiCorp\Vagrant\bin;C:\Program Files (x86)\NVIDIA Corporation\PhysX\Common;C:\Ruby24-x64\bin;C:\Users\Darryl D-R\AppData\Local\Microsoft\WindowsApps;C:\Users\Darryl D-R\AppData\Roaming\npm;C:\Users\Darryl D-R\AppData\Local\Yarn\bin;C:\Users\Darryl D-R\AppData\Roaming\Composer\vendor\bin;C:\Program Files\Microsoft VS Code\bin;C:\Program Files\Docker Toolbox;C:\Program Files\PostgreSQL\9.6\bin;C:\Program Files\Git\usr\bin\vendor_perl;C:\Program Files\Git\usr\bin\core_perl

Yarn version: 
  0.27.5

Node version: 
  6.11.2

Platform: 
  win32 x64

npm manifest: 
  No manifest

yarn manifest: 
  No manifest

Lockfile: 
  No lockfile

Trace: 
  Error: Can't answer a question unless a user TTY
      at ConsoleReporter.question (C:\Program Files (x86)\Yarn\lib\yarn-cli.js:81327:59)
      at Object.<anonymous> (C:\Program Files (x86)\Yarn\lib\yarn-cli.js:76832:38)
      at next (native)
      at step (C:\Program Files (x86)\Yarn\lib\yarn-cli.js:91:30)
      at C:\Program Files (x86)\Yarn\lib\yarn-cli.js:102:13
      at process._tickCallback (internal/process/next_tick.js:109:7)
